time=2024-08-12T11:57:46.945+05:00 level=ERROR msg="rpc error: code = Unavailable desc = connection error: desc = \"transport: Error while dialing: dial tcp 127.0.0.1:8090: connect: connection refused\""
time=2024-08-12T11:59:32.206+05:00 level=ERROR msg="rpc error: code = Unavailable desc = connection error: desc = \"transport: Error while dialing: dial tcp 127.0.0.1:8090: connect: connection refused\""
time=2024-08-12T11:59:44.504+05:00 level=ERROR msg="rpc error: code = Unknown desc = invalid ID format: the provided hex string is not a valid ObjectID"
time=2024-08-12T12:00:35.199+05:00 level=ERROR msg="rpc error: code = Unknown desc = invalid ID format: the provided hex string is not a valid ObjectID"
time=2024-08-12T12:11:27.063+05:00 level=ERROR msg="rpc error: code = Unavailable desc = connection error: desc = \"transport: Error while dialing: dial tcp 127.0.0.1:8090: connect: connection refused\""
time=2024-08-12T12:11:49.098+05:00 level=ERROR msg="rpc error: code = Unavailable desc = connection error: desc = \"transport: Error while dialing: dial tcp 127.0.0.1:8090: connect: connection refused\""
time=2024-08-12T13:19:03.596+05:00 level=ERROR msg="rpc error: code = Unavailable desc = connection error: desc = \"transport: Error while dialing: dial tcp 127.0.0.1:8090: connect: connection refused\""
time=2024-08-12T13:20:55.545+05:00 level=ERROR msg="rpc error: code = Unavailable desc = connection error: desc = \"transport: Error while dialing: dial tcp :8090: connect: connection refused\""
time=2024-08-12T13:21:43.793+05:00 level=ERROR msg="rpc error: code = Unavailable desc = connection error: desc = \"transport: Error while dialing: dial tcp :8090: connect: connection refused\""
time=2024-08-12T13:22:46.000+05:00 level=ERROR msg="rpc error: code = Unavailable desc = connection error: desc = \"transport: Error while dialing: dial tcp :8090: connect: connection refused\""
time=2024-08-12T13:24:14.207+05:00 level=ERROR msg="rpc error: code = Unavailable desc = connection error: desc = \"error reading server preface: http2: frame too large\""
time=2024-08-12T13:24:42.213+05:00 level=ERROR msg="rpc error: code = Unavailable desc = connection error: desc = \"transport: Error while dialing: dial tcp: lookup tcp/8090c: unknown port\""
time=2024-08-12T13:25:00.357+05:00 level=ERROR msg="rpc error: code = Unavailable desc = connection error: desc = \"transport: Error while dialing: dial tcp 127.0.0.1:8090: connect: connection refused\""
time=2024-08-12T13:25:41.550+05:00 level=ERROR msg="rpc error: code = Unavailable desc = connection error: desc = \"transport: Error while dialing: dial tcp 127.0.0.1:8090: connect: connection refused\""
time=2024-08-12T13:56:42.831+05:00 level=ERROR msg="rpc error: code = Unknown desc = pq: value too long for type character varying(13)"
time=2024-08-12T13:57:14.082+05:00 level=ERROR msg="rpc error: code = Unknown desc = invalid ID format: the provided hex string is not a valid ObjectID"
time=2024-08-12T13:58:38.098+05:00 level=ERROR msg="rpc error: code = Unknown desc = invalid ID format: the provided hex string is not a valid ObjectID"
time=2024-08-12T14:01:38.149+05:00 level=ERROR msg="rpc error: code = Unknown desc = invalid ID format: the provided hex string is not a valid ObjectID"
time=2024-08-12T14:03:23.344+05:00 level=ERROR msg="rpc error: code = Unknown desc = invalid ID format: the provided hex string is not a valid ObjectID"
time=2024-08-12T14:05:43.811+05:00 level=ERROR msg="rpc error: code = Unknown desc = invalid ID format: the provided hex string is not a valid ObjectID"
time=2024-08-12T14:07:41.260+05:00 level=ERROR msg="rpc error: code = Unknown desc = sql: no rows in result set"
time=2024-08-12T14:21:29.093+05:00 level=ERROR msg="rpc error: code = Unknown desc = booking not found"
time=2024-08-12T14:27:19.209+05:00 level=ERROR msg="rpc error: code = Unimplemented desc = method SearchProviders not implemented"
time=2024-08-12T14:30:30.317+05:00 level=ERROR msg="rpc error: code = Unimplemented desc = method SearchProviders not implemented"
time=2024-08-12T14:36:53.912+05:00 level=ERROR msg="rpc error: code = Unknown desc = pq: invalid input syntax for type uuid: \"\""
time=2024-08-12T14:38:10.606+05:00 level=ERROR msg="rpc error: code = Unimplemented desc = method SearchProviders not implemented"
time=2024-08-12T14:39:07.297+05:00 level=ERROR msg="rpc error: code = Unknown desc = sql: no rows in result set"
time=2024-08-12T14:40:42.008+05:00 level=ERROR msg="rpc error: code = Unimplemented desc = method SearchProviders not implemented"
time=2024-08-12T14:59:20.261+05:00 level=ERROR msg="rpc error: code = Unknown desc = invalid ID format: the provided hex string is not a valid ObjectID"
time=2024-08-12T15:09:38.951+05:00 level=ERROR msg="strconv.Atoi: parsing \"\": invalid syntax"
time=2024-08-12T15:10:38.532+05:00 level=ERROR msg="strconv.Atoi: parsing \"\": invalid syntax"
time=2024-08-12T15:11:36.245+05:00 level=ERROR msg="strconv.Atoi: parsing \"\": invalid syntax"
time=2024-08-12T15:24:25.484+05:00 level=ERROR msg="strconv.Atoi: parsing \"\": invalid syntax"
time=2024-08-12T15:24:54.826+05:00 level=ERROR msg="strconv.Atoi: parsing \"\": invalid syntax"
time=2024-08-12T15:31:31.545+05:00 level=ERROR msg="rpc error: code = Unknown desc = pq: invalid input syntax for type uuid: \"66b8be789ee8b6fbf32e1454\""
time=2024-08-12T15:33:50.166+05:00 level=ERROR msg="rpc error: code = Unknown desc = pq: invalid input syntax for type uuid: \"66b8c26bd0fdb92b1d0e60af\""
time=2024-08-12T15:50:33.000+05:00 level=ERROR msg="rpc error: code = Unknown desc = pq: invalid input syntax for type uuid: \"66b8c26bd0fdb92b1d0e60af\""
time=2024-08-12T15:51:19.795+05:00 level=ERROR msg="rpc error: code = Unknown desc = pq: invalid input syntax for type uuid: \"66b8c26bd0fdb92b1d0e60af\""
time=2024-08-12T15:53:00.521+05:00 level=ERROR msg="rpc error: code = Unknown desc = no review found with the given ID"
time=2024-08-12T15:53:18.043+05:00 level=ERROR msg="rpc error: code = Unknown desc = no review found with the given ID"
time=2024-08-12T15:54:55.687+05:00 level=ERROR msg="rpc error: code = Unknown desc = no review found with the given ID"
time=2024-08-12T15:57:35.098+05:00 level=ERROR msg="rpc error: code = Unknown desc = pq: invalid input syntax for type uuid: \"66b8be789ee8b6fbf32e1454\""
time=2024-08-12T16:03:02.825+05:00 level=ERROR msg="rpc error: code = Unknown desc = pq: invalid input syntax for type uuid: \"66b8be789ee8b6fbf32e1454\""
time=2024-08-12T16:10:10.293+05:00 level=ERROR msg="rpc error: code = Unknown desc = pq: invalid input syntax for type uuid: \"66b8be789ee8b6fbf32e1454\""
time=2024-08-12T16:11:50.014+05:00 level=ERROR msg="rpc error: code = Unknown desc = pq: invalid input syntax for type uuid: \"66b8be789ee8b6fbf32e1454\""
time=2024-08-12T16:13:58.618+05:00 level=ERROR msg="rpc error: code = Unknown desc = pq: invalid input syntax for type uuid: \"66b8be789ee8b6fbf32e1454\""
time=2024-08-12T16:14:30.821+05:00 level=ERROR msg="rpc error: code = Unknown desc = no provider found with the given ID"
time=2024-08-12T16:24:12.183+05:00 level=ERROR msg="strconv.Atoi: parsing \"\": invalid syntax"
time=2024-08-12T16:25:05.124+05:00 level=ERROR msg="strconv.Atoi: parsing \"\": invalid syntax"
time=2024-08-12T16:25:14.244+05:00 level=ERROR msg="strconv.Atoi: parsing \"\": invalid syntax"
time=2024-08-12T16:37:52.780+05:00 level=ERROR msg="rpc error: code = Unimplemented desc = method SearchServices not implemented"
time=2024-08-12T16:37:54.670+05:00 level=ERROR msg="rpc error: code = Unimplemented desc = method SearchServices not implemented"
time=2024-08-12T16:39:02.113+05:00 level=ERROR msg="rpc error: code = Unimplemented desc = method SearchServices not implemented"
time=2024-08-12T16:40:21.814+05:00 level=ERROR msg="rpc error: code = Unimplemented desc = method SearchServices not implemented"
time=2024-08-12T16:42:59.578+05:00 level=ERROR msg="rpc error: code = Unimplemented desc = method SearchServices not implemented"
time=2024-08-12T16:45:54.407+05:00 level=ERROR msg="rpc error: code = Unimplemented desc = method SearchServices not implemented"
time=2024-08-12T16:45:55.521+05:00 level=ERROR msg="rpc error: code = Unimplemented desc = method SearchServices not implemented"
time=2024-08-12T16:47:09.330+05:00 level=ERROR msg="rpc error: code = Unimplemented desc = method SearchServices not implemented"
time=2024-08-12T16:47:55.692+05:00 level=ERROR msg="rpc error: code = Unimplemented desc = method SearchServices not implemented"
time=2024-08-12T16:56:48.617+05:00 level=ERROR msg="rpc error: code = Unimplemented desc = method SearchServices not implemented"
time=2024-08-12T17:06:40.348+05:00 level=ERROR msg="rpc error: code = Unknown desc = failed to convert id to ObjectID: the provided hex string is not a valid ObjectID"
time=2024-08-12T17:24:24.781+05:00 level=ERROR msg="rpc error: code = Unknown desc = pq: invalid input value for enum role: \"string\""
time=2024-08-13T11:01:20.385+05:00 level=ERROR msg="[5] Leader Not Available: the cluster is in the middle of a leadership election and there is currently no leader for this partition and hence it is unavailable for writes"
time=2024-08-13T11:18:39.619+05:00 level=ERROR msg="rpc error: code = Unknown desc = dial tcp: lookup redis on 127.0.0.53:53: server misbehaving"
time=2024-08-13T11:19:51.539+05:00 level=ERROR msg="rpc error: code = Unknown desc = pq: invalid input syntax for type uuid: \"string\""
time=2024-08-13T12:02:00.776+05:00 level=ERROR msg="rpc error: code = Unknown desc = dial tcp: lookup redis on 127.0.0.53:53: server misbehaving"
time=2024-08-13T12:32:10.155+05:00 level=ERROR msg="rpc error: code = Unknown desc = dial tcp: lookup redis on 127.0.0.53:53: server misbehaving"
time=2024-08-13T12:33:00.436+05:00 level=ERROR msg="rpc error: code = Unknown desc = pq: invalid input syntax for type uuid: \"string\""
time=2024-08-13T12:36:54.893+05:00 level=ERROR msg="[5] Leader Not Available: the cluster is in the middle of a leadership election and there is currently no leader for this partition and hence it is unavailable for writes"
time=2024-08-14T23:25:52.977+05:00 level=ERROR msg="rpc error: code = Unknown desc = sql: no rows in result set"
time=2024-08-15T01:44:50.871+05:00 level=ERROR msg="rpc error: code = Unknown desc = invalid ID format: the provided hex string is not a valid ObjectID"
time=2024-08-15T01:48:27.715+05:00 level=ERROR msg="rpc error: code = Unknown desc = invalid ID format: the provided hex string is not a valid ObjectID"
time=2024-08-15T02:15:34.758+05:00 level=ERROR msg="rpc error: code = Unknown desc = pq: invalid input syntax for type uuid: \"string\""
time=2024-08-15T02:54:42.044+05:00 level=ERROR msg="rpc error: code = Unknown desc = invalid ID format: the provided hex string is not a valid ObjectID"
time=2024-08-15T02:58:33.421+05:00 level=ERROR msg="rpc error: code = Unknown desc = invalid ID format: the provided hex string is not a valid ObjectID"
time=2024-08-15T02:59:17.623+05:00 level=ERROR msg="rpc error: code = Unknown desc = invalid ID format: the provided hex string is not a valid ObjectID"
time=2024-08-15T03:01:12.869+05:00 level=ERROR msg="rpc error: code = Unknown desc = invalid ID format: the provided hex string is not a valid ObjectID"
time=2024-08-15T03:47:57.577+05:00 level=ERROR msg="rpc error: code = Unknown desc = invalid ID format: the provided hex string is not a valid ObjectID"
time=2024-08-15T04:06:49.934+05:00 level=ERROR msg="rpc error: code = Unknown desc = dial tcp: lookup redis on 127.0.0.53:53: server misbehaving"
time=2024-08-15T05:50:31.735+05:00 level=ERROR msg="rpc error: code = Unknown desc = dial tcp: lookup redis on 127.0.0.53:53: server misbehaving"
time=2024-08-15T05:51:00.365+05:00 level=ERROR msg="rpc error: code = Unknown desc = dial tcp: lookup redis on 127.0.0.53:53: server misbehaving"
time=2024-08-15T06:26:38.691+05:00 level=ERROR msg="rpc error: code = Unknown desc = redis: can't marshal map[string]interface {} (implement encoding.BinaryMarshaler)"
