time=2024-08-10T18:34:41.674+05:00 level=ERROR msg="json: Unmarshal(non-pointer model.LoginRequest)"
time=2024-08-10T18:36:44.556+05:00 level=ERROR msg="sql: no rows in result set"
time=2024-08-10T18:38:18.733+05:00 level=ERROR msg="sql: no rows in result set"
time=2024-08-10T22:39:43.847+05:00 level=ERROR msg=... "Error while listening on TCP: %v"="listen tcp: address localhost:auth-servie1:50051: too many colons in address"
time=2024-08-10T22:41:50.337+05:00 level=ERROR msg=... "Error while listening on TCP: %v"="listen tcp: address localhost:auth-servie1:50051: too many colons in address"
time=2024-08-12T08:03:53.027+05:00 level=ERROR msg=... "Error while listening on TCP: %v"="listen tcp: address localhost::8075: too many colons in address"
time=2024-08-12T08:05:00.659+05:00 level=ERROR msg=... "Error while listening on TCP: %v"="listen tcp: address localhost::8075: too many colons in address"
time=2024-08-12T09:24:12.183+05:00 level=ERROR msg=... "Error while listening on TCP: %v"="listen tcp: address localhost::8075: too many colons in address"
time=2024-08-12T09:25:57.184+05:00 level=ERROR msg=... "Error while listening on TCP: %v"="listen tcp: address localhost::8075: too many colons in address"
time=2024-08-12T09:27:32.141+05:00 level=ERROR msg=... "Error while listening on TCP: %v"="listen tcp: address localhost::8075: too many colons in address"
time=2024-08-12T09:34:15.561+05:00 level=ERROR msg="sql: no rows in result set"
time=2024-08-12T09:36:23.228+05:00 level=ERROR msg="sql: no rows in result set"
time=2024-08-12T10:14:45.539+05:00 level=ERROR msg=... "Error while listening on TCP: %v"="listen tcp: address localhost::8090: too many colons in address"
time=2024-08-12T10:15:05.839+05:00 level=ERROR msg=... "Error while listening on TCP: %v"="listen tcp: address localhost::8090: too many colons in address"
time=2024-08-12T10:15:09.488+05:00 level=ERROR msg=... "Error while listening on TCP: %v"="listen tcp: address localhost::8090: too many colons in address"
time=2024-08-12T10:15:47.606+05:00 level=ERROR msg=... "Error while listening on TCP: %v"="listen tcp: address localhost::8090: too many colons in address"
time=2024-08-12T10:15:51.793+05:00 level=ERROR msg=... "Error while listening on TCP: %v"="listen tcp: address localhost::8090: too many colons in address"
time=2024-08-12T10:15:56.166+05:00 level=ERROR msg=... "Error while listening on TCP: %v"="listen tcp: address localhost::8090: too many colons in address"
time=2024-08-12T10:15:57.937+05:00 level=ERROR msg=... "Error while listening on TCP: %v"="listen tcp: address localhost::8090: too many colons in address"
time=2024-08-12T10:15:59.573+05:00 level=ERROR msg=... "Error while listening on TCP: %v"="listen tcp: address localhost::8090: too many colons in address"
time=2024-08-12T10:16:14.204+05:00 level=ERROR msg=... "Error while listening on TCP: %v"="listen tcp: address localhost::8090: too many colons in address"
time=2024-08-12T10:16:23.989+05:00 level=ERROR msg=... "Error while listening on TCP: %v"="listen tcp: address localhost::8090: too many colons in address"
time=2024-08-12T10:16:26.748+05:00 level=ERROR msg=... "Error while listening on TCP: %v"="listen tcp: address localhost::8090: too many colons in address"
time=2024-08-12T10:16:28.744+05:00 level=ERROR msg=... "Error while listening on TCP: %v"="listen tcp: address localhost::8090: too many colons in address"
time=2024-08-12T10:16:32.407+05:00 level=ERROR msg=... "Error while listening on TCP: %v"="listen tcp: address localhost::8090: too many colons in address"
time=2024-08-12T10:16:34.249+05:00 level=ERROR msg=... "Error while listening on TCP: %v"="listen tcp: address localhost::8090: too many colons in address"
time=2024-08-12T10:18:18.297+05:00 level=ERROR msg=... "Error while listening on TCP: %v"="listen tcp: address localhost::8090: too many colons in address"
time=2024-08-12T10:18:24.201+05:00 level=ERROR msg=... "Error while listening on TCP: %v"="listen tcp: address localhost::8090: too many colons in address"
time=2024-08-12T10:18:30.462+05:00 level=ERROR msg=... "Error while listening on TCP: %v"="listen tcp: address localhost::8090: too many colons in address"
time=2024-08-12T10:18:36.545+05:00 level=ERROR msg=... "Error while listening on TCP: %v"="listen tcp: address localhost::8090: too many colons in address"
time=2024-08-12T10:18:41.180+05:00 level=ERROR msg=... "Error while listening on TCP: %v"="listen tcp: address localhost::8090: too many colons in address"
time=2024-08-12T10:18:43.133+05:00 level=ERROR msg=... "Error while listening on TCP: %v"="listen tcp: address localhost::8090: too many colons in address"
time=2024-08-12T10:20:56.660+05:00 level=ERROR msg=... "Error while listening on TCP: %v"="listen tcp: address localhost::8090: too many colons in address"
time=2024-08-12T10:21:57.748+05:00 level=ERROR msg=... "Error while listening on TCP: %v"="listen tcp: address localhost::8090: too many colons in address"
time=2024-08-12T10:22:26.101+05:00 level=ERROR msg=... "Error while listening on TCP: %v"="listen tcp: address localhost::8090: too many colons in address"
time=2024-08-12T10:22:36.555+05:00 level=ERROR msg=... "Error while listening on TCP: %v"="listen tcp: address localhost::8090: too many colons in address"
time=2024-08-12T10:50:51.442+05:00 level=ERROR msg=... "Error while listening on TCP: %v"="listen tcp: address localhost::8090: too many colons in address"
time=2024-08-12T11:05:02.753+05:00 level=ERROR msg=... "Error while listening on TCP: %v"="listen tcp: address localhost::8090: too many colons in address"
time=2024-08-12T12:12:24.311+05:00 level=ERROR msg=... "Error while listening on TCP: %v"="listen tcp: address localhost::8090: too many colons in address"
time=2024-08-12T13:25:35.897+05:00 level=ERROR msg=... "Error while listening on TCP: %v"="listen tcp: address localhost::8090: too many colons in address"
time=2024-08-12T13:36:44.549+05:00 level=ERROR msg=... "Error while listening on TCP: %v"="listen tcp: address localhost::8090: too many colons in address"
time=2024-08-12T13:36:53.979+05:00 level=ERROR msg=... "Error while listening on TCP: %v"="listen tcp: address localhost::8090: too many colons in address"
time=2024-08-12T13:36:55.174+05:00 level=ERROR msg=... "Error while listening on TCP: %v"="listen tcp: address localhost::8090: too many colons in address"
time=2024-08-12T13:37:19.911+05:00 level=ERROR msg=... "Error while listening on TCP: %v"="listen tcp: address localhost::8090: too many colons in address"
time=2024-08-12T13:38:20.955+05:00 level=ERROR msg=... "Error while listening on TCP: %v"="listen tcp: address localhost::8090: too many colons in address"
time=2024-08-12T13:39:10.878+05:00 level=ERROR msg=... "Error while listening on TCP: %v"="listen tcp: address localhost::8090: too many colons in address"
time=2024-08-12T13:39:13.004+05:00 level=ERROR msg=... "Error while listening on TCP: %v"="listen tcp: address localhost::8090: too many colons in address"
time=2024-08-12T13:39:14.300+05:00 level=ERROR msg=... "Error while listening on TCP: %v"="listen tcp: address localhost::8090: too many colons in address"
time=2024-08-12T13:40:35.169+05:00 level=ERROR msg=... "Error while listening on TCP: %v"="listen tcp: address localhost::8090: too many colons in address"
time=2024-08-12T23:15:00.440+05:00 level=ERROR msg="sql: no rows in result set"
time=2024-08-14T13:51:45.561+05:00 level=ERROR msg="Gin server failed to run: %v" error="listen tcp :8081: bind: address already in use"
time=2024-08-14T14:35:44.990+05:00 level=ERROR msg="Gin server failed to run: %v" error="listen tcp :9999: bind: address already in use"
time=2024-08-14T14:35:44.990+05:00 level=ERROR msg=... "Error while listening on TCP: %v"="listen tcp 127.0.0.1:9992: bind: address already in use"
time=2024-08-14T14:35:59.988+05:00 level=ERROR msg=... "Error while listening on TCP: %v"="listen tcp 127.0.0.1:9992: bind: address already in use"
time=2024-08-14T14:35:59.988+05:00 level=ERROR msg="Gin server failed to run: %v" error="listen tcp :9999: bind: address already in use"
time=2024-08-14T14:36:15.387+05:00 level=ERROR msg=... "Error while listening on TCP: %v"="listen tcp 127.0.0.1:9992: bind: address already in use"
time=2024-08-14T23:24:27.864+05:00 level=ERROR msg="sql: no rows in result set"
time=2024-08-15T01:16:01.585+05:00 level=ERROR msg="sql: no rows in result set"
time=2024-08-15T01:16:44.788+05:00 level=ERROR msg="sql: no rows in result set"
time=2024-08-15T01:16:52.482+05:00 level=ERROR msg="sql: no rows in result set"
time=2024-08-15T01:17:47.800+05:00 level=ERROR msg="sql: no rows in result set"
time=2024-08-15T01:17:52.601+05:00 level=ERROR msg="sql: no rows in result set"
time=2024-08-15T04:04:14.054+05:00 level=ERROR msg="sql: no rows in result set"
time=2024-08-15T04:04:21.332+05:00 level=ERROR msg="sql: no rows in result set"
time=2024-08-15T04:04:29.111+05:00 level=ERROR msg="sql: no rows in result set"
