time=2024-08-12T11:59:44.502+05:00 level=ERROR msg="Failed to create providers" error="invalid ID format: the provided hex string is not a valid ObjectID"
time=2024-08-12T12:00:35.198+05:00 level=ERROR msg="Failed to create providers" error="invalid ID format: the provided hex string is not a valid ObjectID"
time=2024-08-12T13:57:14.080+05:00 level=ERROR msg="Failed to create providers" error="invalid ID format: the provided hex string is not a valid ObjectID"
time=2024-08-12T13:58:38.098+05:00 level=ERROR msg="Failed to create providers" error="invalid ID format: the provided hex string is not a valid ObjectID"
time=2024-08-12T14:01:38.149+05:00 level=ERROR msg="Failed to create providers" error="invalid ID format: the provided hex string is not a valid ObjectID"
time=2024-08-12T14:03:23.344+05:00 level=ERROR msg="Failed to create providers" error="invalid ID format: the provided hex string is not a valid ObjectID"
time=2024-08-12T14:05:43.811+05:00 level=ERROR msg="Failed to create providers" error="invalid ID format: the provided hex string is not a valid ObjectID"
time=2024-08-12T14:21:29.093+05:00 level=ERROR msg="Failed to get booking" error="booking not found"
time=2024-08-12T14:59:20.261+05:00 level=ERROR msg="Failed to create providers" error="invalid ID format: the provided hex string is not a valid ObjectID"
time=2024-08-12T15:53:00.521+05:00 level=ERROR msg="Failed to delete review" error="no review found with the given ID"
time=2024-08-12T15:53:18.043+05:00 level=ERROR msg="Failed to delete review" error="no review found with the given ID"
time=2024-08-12T15:54:55.687+05:00 level=ERROR msg="Failed to delete review" error="no review found with the given ID"
time=2024-08-12T16:14:30.820+05:00 level=ERROR msg="Failed to get providers" error="no provider found with the given ID"
time=2024-08-12T17:06:40.348+05:00 level=ERROR msg="Failed to delete service" error="failed to convert id to ObjectID: the provided hex string is not a valid ObjectID"
time=2024-08-13T12:45:38.115+05:00 level=ERROR msg="Failed to update booking" error="booking not found"
time=2024-08-13T12:50:47.117+05:00 level=ERROR msg="Failed to update booking" error="booking not found"
time=2024-08-13T12:53:58.620+05:00 level=ERROR msg="Failed to update booking" error="booking not found"
time=2024-08-13T12:54:51.162+05:00 level=ERROR msg="Failed to update booking" error="booking not found"
time=2024-08-13T12:57:16.652+05:00 level=ERROR msg="Failed to update booking" error="booking not found"
time=2024-08-13T13:14:04.697+05:00 level=ERROR msg="Failed to update booking" error="booking not found"
time=2024-08-13T13:15:28.711+05:00 level=ERROR msg="Failed to update booking" error="booking not found"
time=2024-08-13T13:18:13.721+05:00 level=ERROR msg="Failed to update booking" error="booking not found"
time=2024-08-15T01:44:50.869+05:00 level=ERROR msg="Failed to create providers" error="invalid ID format: the provided hex string is not a valid ObjectID"
time=2024-08-15T01:48:27.715+05:00 level=ERROR msg="Failed to create providers" error="invalid ID format: the provided hex string is not a valid ObjectID"
time=2024-08-15T02:54:42.044+05:00 level=ERROR msg="Failed to get providers" error="invalid ID format: the provided hex string is not a valid ObjectID"
time=2024-08-15T02:58:33.421+05:00 level=ERROR msg="Failed to get providers" error="invalid ID format: the provided hex string is not a valid ObjectID"
time=2024-08-15T02:59:17.622+05:00 level=ERROR msg="Failed to get providers" error="invalid ID format: the provided hex string is not a valid ObjectID"
time=2024-08-15T03:01:12.869+05:00 level=ERROR msg="Failed to get providers" error="invalid ID format: the provided hex string is not a valid ObjectID"
time=2024-08-15T03:47:57.576+05:00 level=ERROR msg="Failed to get providers" error="invalid ID format: the provided hex string is not a valid ObjectID"
